<?xml version="1.0" encoding="UTF-8"?>
<!-- Generated by org.testng.reporters.JUnitXMLReporter -->
<testsuite ignored="0" hostname="LAPTOP-52IM29O2" failures="0" tests="5" name="testrunner1" time="0.255" errors="0" timestamp="2021-05-04T12:49:01 IST">
  <testcase classname="com.crm.vtiger.utility.Baseclass" name="@BeforeClass openbrowser" time="-1.620112741224E9">
    <failure type="org.testng.TestNGException" message="
Can inject only one of &amp;lt;ITestContext, XmlTest&amp;gt; into a @BeforeClass annotated openbrowser.
For more information on native dependency injection please refer to http://testng.org/doc/documentation-main.html#native-dependency-injection">
      <![CDATA[org.testng.TestNGException: 
Can inject only one of <ITestContext, XmlTest> into a @BeforeClass annotated openbrowser.
For more information on native dependency injection please refer to http://testng.org/doc/documentation-main.html#native-dependency-injection
at java.base/java.util.ArrayList.forEach(ArrayList.java:1511)
at java.base/java.util.concurrent.FutureTask.run(FutureTask.java:264)
at java.base/java.util.concurrent.ThreadPoolExecutor.runWorker(ThreadPoolExecutor.java:1130)
at java.base/java.util.concurrent.ThreadPoolExecutor$Worker.run(ThreadPoolExecutor.java:630)
at java.base/java.lang.Thread.run(Thread.java:832)
... Removed 13 stack frames]]>
    </failure>
  </testcase> <!-- @BeforeClass openbrowser -->
  <testcase classname="com.crm.vtiger.utility.Baseclass" name="@BeforeMethod login" time="-1.620112741282E9">
    <skipped/>
  </testcase> <!-- @BeforeMethod login -->
  <testcase classname="com.crm.vtiger.utility.Baseclass" name="@AfterMethod logout" time="-1.620112741307E9">
    <skipped/>
  </testcase> <!-- @AfterMethod logout -->
  <testcase classname="com.crm.vtiger.utility.Baseclass" name="@AfterClass closebrowser" time="-1.620112741319E9">
    <skipped/>
  </testcase> <!-- @AfterClass closebrowser -->
  <testcase classname="com.crm.vtiger.utility.Baseclass" name="@BeforeClass openbrowser" time="-1.620112741325E9">
    <failure type="org.testng.TestNGException" message="
Can inject only one of &amp;lt;ITestContext, XmlTest&amp;gt; into a @BeforeClass annotated openbrowser.
For more information on native dependency injection please refer to http://testng.org/doc/documentation-main.html#native-dependency-injection">
      <![CDATA[org.testng.TestNGException: 
Can inject only one of <ITestContext, XmlTest> into a @BeforeClass annotated openbrowser.
For more information on native dependency injection please refer to http://testng.org/doc/documentation-main.html#native-dependency-injection
at java.base/java.util.ArrayList.forEach(ArrayList.java:1511)
at java.base/java.util.concurrent.FutureTask.run(FutureTask.java:264)
at java.base/java.util.concurrent.ThreadPoolExecutor.runWorker(ThreadPoolExecutor.java:1130)
at java.base/java.util.concurrent.ThreadPoolExecutor$Worker.run(ThreadPoolExecutor.java:630)
at java.base/java.lang.Thread.run(Thread.java:832)
... Removed 13 stack frames]]>
    </failure>
  </testcase> <!-- @BeforeClass openbrowser -->
  <testcase classname="com.crm.vtiger.utility.Baseclass" name="@BeforeMethod login" time="-1.620112741337E9">
    <skipped/>
  </testcase> <!-- @BeforeMethod login -->
  <testcase classname="com.crm.vtiger.utility.Baseclass" name="@AfterMethod logout" time="-1.62011274135E9">
    <skipped/>
  </testcase> <!-- @AfterMethod logout -->
  <testcase classname="com.crm.vtiger.utility.Baseclass" name="@AfterClass closebrowser" time="-1.620112741356E9">
    <skipped/>
  </testcase> <!-- @AfterClass closebrowser -->
  <testcase classname="com.crm.vtiger.Testscripts.TC_12_createoppurtunitywithsalesstageprospectingTest" name="createoppwithsaleprospecting" time="0.0">
    <skipped/>
  </testcase> <!-- createoppwithsaleprospecting -->
  <testcase classname="com.crm.vtiger.Testscripts.TC_13_createoppurtunitywithsalesstagequalificationTest" name="creatopptwithsalesstagequal" time="0.0">
    <skipped/>
  </testcase> <!-- creatopptwithsalesstagequal -->
  <testcase classname="com.crm.vtiger.Testscripts.TC_14_createoppurtunitywithsalesstageneedanalysisTest" name="createoppuwithsalesstageneedanal" time="0.0">
    <skipped/>
  </testcase> <!-- createoppuwithsalesstageneedanal -->
  <testcase classname="com.crm.vtiger.Testscripts.TC_11_createoppurtunitywithcampaignsourceTest" name="createoppurtunitywithcampsrc" time="0.0">
    <skipped/>
  </testcase> <!-- createoppurtunitywithcampsrc -->
  <testcase classname="com.crm.vtiger.Testscripts.TC_15_createoppurtunitywithsalesstagevaluepropositionTest" name="createoppwithsalesstagevalueproposition" time="0.0">
    <skipped/>
  </testcase> <!-- createoppwithsalesstagevalueproposition -->
</testsuite> <!-- testrunner1 -->
