<?xml version="1.0" encoding="UTF-8"?>
<!-- Generated by org.testng.reporters.JUnitXMLReporter -->
<testsuite hostname="LAPTOP-U7HBVMA8" name="Test" tests="0" failures="0" timestamp="11 Jun 2021 07:49:26 GMT" time="1.202" errors="0">
  <testcase name="@BeforeClass launchApp" time="0.0" classname="com.tyss.actitime.scripts.CreateUsers">
    <failure type="org.testng.TestNGException" message="
Parameter &amp;apos;browserName&amp;apos; is required by @Configuration on method launchApp but has not been marked @Optional or defined
in C:\Users\Manish\git\Demo\testng.xml">
      <![CDATA[org.testng.TestNGException: 
Parameter 'browserName' is required by @Configuration on method launchApp but has not been marked @Optional or defined
in C:\Users\Manish\git\Demo\testng.xml
... Removed 21 stack frames]]>
    </failure>
  </testcase> <!-- @BeforeClass launchApp -->
  <testcase name="@AfterClass closeBrowser" time="0.0" classname="com.tyss.actitime.scripts.CreateUsers">
    <skipped/>
  </testcase> <!-- @AfterClass closeBrowser -->
</testsuite> <!-- Test -->
